[ 2017-04-07T23:49:35+08:00 ] 192.168.42.27 /MI-4-20/index.php/Sun
INFO: [ app_init ] --START--
INFO: Run Behavior\BuildLiteBehavior [ RunTime:0.007115s ]
INFO: [ app_init ] --END-- [ RunTime:0.007320s ]
INFO: [ app_begin ] --START--
INFO: Run Behavior\ReadHtmlCacheBehavior [ RunTime:0.000273s ]
INFO: [ app_begin ] --END-- [ RunTime:0.000306s ]
INFO: [ view_parse ] --START--
INFO: [ template_filter ] --START--
INFO: Run Behavior\ContentReplaceBehavior [ RunTime:0.000069s ]
INFO: [ template_filter ] --END-- [ RunTime:0.000103s ]
NOTIC: [8] Undefined variable: admin_name /usr/local/apache2/htdocs/MI-4-20/Shop/Runtime/Cache/Sun/766265ed924046343130145cae982f38.php 第 24 行.
INFO: Run Behavior\ParseTemplateBehavior [ RunTime:0.022315s ]
INFO: [ view_parse ] --END-- [ RunTime:0.022344s ]
INFO: [ view_filter ] --START--
INFO: Run Behavior\WriteHtmlCacheBehavior [ RunTime:0.000078s ]
INFO: [ view_filter ] --END-- [ RunTime:0.000100s ]
INFO: [ app_end ] --START--
INFO: Run Behavior\ShowPageTraceBehavior [ RunTime:0.000339s ]
INFO: [ app_end ] --END-- [ RunTime:0.000390s ]

[ 2017-04-07T23:49:58+08:00 ] 192.168.42.27 /MI-4-20/index.php/Sun/Board/boardList.html
INFO: [ app_init ] --START--
INFO: Run Behavior\BuildLiteBehavior [ RunTime:0.000011s ]
INFO: [ app_init ] --END-- [ RunTime:0.000190s ]
INFO: [ app_begin ] --START--
INFO: Run Behavior\ReadHtmlCacheBehavior [ RunTime:0.000296s ]
INFO: [ app_begin ] --END-- [ RunTime:0.000329s ]
SQL: SHOW COLUMNS FROM `mi_board` [ RunTime:0.0023s ]
SQL: SHOW COLUMNS FROM `mi_board` [ RunTime:0.0019s ]
SQL: select * from mi_board [ RunTime:0.0013s ]
NOTIC: [8] Undefined variable: search /usr/local/apache2/htdocs/MI-4-20/Shop/Sun/Controller/BoardController.class.php 第 178 行.
SQL: SELECT * FROM `mi_board` ORDER BY id desc LIMIT 0,2   [ RunTime:0.0012s ]
INFO: [ view_parse ] --START--
INFO: [ template_filter ] --START--
INFO: Run Behavior\ContentReplaceBehavior [ RunTime:0.000090s ]
INFO: [ template_filter ] --END-- [ RunTime:0.000132s ]
NOTIC: [8] Undefined variable: admin_name /usr/local/apache2/htdocs/MI-4-20/Shop/Runtime/Cache/Sun/39dc0be6f8e0f357ed8d3ae862148696.php 第 24 行.
INFO: Run Behavior\ParseTemplateBehavior [ RunTime:0.037058s ]
INFO: [ view_parse ] --END-- [ RunTime:0.037092s ]
INFO: [ view_filter ] --START--
INFO: Run Behavior\WriteHtmlCacheBehavior [ RunTime:0.000088s ]
INFO: [ view_filter ] --END-- [ RunTime:0.000111s ]
INFO: [ app_end ] --START--
INFO: Run Behavior\ShowPageTraceBehavior [ RunTime:0.000475s ]
INFO: [ app_end ] --END-- [ RunTime:0.000799s ]

[ 2017-04-07T23:50:04+08:00 ] 192.168.42.27 /MI-4-20/index.php/Sun/Board/boardList.html
INFO: [ app_init ] --START--
INFO: Run Behavior\BuildLiteBehavior [ RunTime:0.000132s ]
INFO: [ app_init ] --END-- [ RunTime:0.006074s ]
INFO: [ app_begin ] --START--
INFO: Run Behavior\ReadHtmlCacheBehavior [ RunTime:0.000449s ]
INFO: [ app_begin ] --END-- [ RunTime:0.000490s ]
SQL: SHOW COLUMNS FROM `mi_board` [ RunTime:0.0023s ]
SQL: SHOW COLUMNS FROM `mi_board` [ RunTime:0.0020s ]
SQL: select * from mi_board [ RunTime:0.0015s ]
NOTIC: [8] Undefined variable: search /usr/local/apache2/htdocs/MI-4-20/Shop/Sun/Controller/BoardController.class.php 第 178 行.
SQL: SELECT * FROM `mi_board` ORDER BY id desc LIMIT 0,2   [ RunTime:0.0011s ]
INFO: [ view_parse ] --START--
INFO: [ template_filter ] --START--
INFO: Run Behavior\ContentReplaceBehavior [ RunTime:0.000088s ]
INFO: [ template_filter ] --END-- [ RunTime:0.000126s ]
NOTIC: [8] Undefined variable: admin_name /usr/local/apache2/htdocs/MI-4-20/Shop/Runtime/Cache/Sun/39dc0be6f8e0f357ed8d3ae862148696.php 第 24 行.
INFO: Run Behavior\ParseTemplateBehavior [ RunTime:0.037190s ]
INFO: [ view_parse ] --END-- [ RunTime:0.037219s ]
INFO: [ view_filter ] --START--
INFO: Run Behavior\WriteHtmlCacheBehavior [ RunTime:0.000098s ]
INFO: [ view_filter ] --END-- [ RunTime:0.000121s ]
INFO: [ app_end ] --START--
INFO: Run Behavior\ShowPageTraceBehavior [ RunTime:0.000585s ]
INFO: [ app_end ] --END-- [ RunTime:0.000674s ]

[ 2017-04-07T23:50:37+08:00 ] 192.168.42.27 /MI-4-20/index.php/Sun/Board/addboard.html
INFO: [ app_init ] --START--
INFO: Run Behavior\BuildLiteBehavior [ RunTime:0.000011s ]
INFO: [ app_init ] --END-- [ RunTime:0.000269s ]
INFO: [ app_begin ] --START--
INFO: Run Behavior\ReadHtmlCacheBehavior [ RunTime:0.035090s ]
INFO: [ app_begin ] --END-- [ RunTime:0.035133s ]
INFO: [ view_parse ] --START--
INFO: [ template_filter ] --START--
INFO: Run Behavior\ContentReplaceBehavior [ RunTime:0.000124s ]
INFO: [ template_filter ] --END-- [ RunTime:0.000176s ]
NOTIC: [8] Undefined variable: admin_name /usr/local/apache2/htdocs/MI-4-20/Shop/Runtime/Cache/Sun/6b56fc9e760faeefdc90a3f1af752958.php 第 24 行.
INFO: Run Behavior\ParseTemplateBehavior [ RunTime:0.007938s ]
INFO: [ view_parse ] --END-- [ RunTime:0.007967s ]
INFO: [ view_filter ] --START--
INFO: Run Behavior\WriteHtmlCacheBehavior [ RunTime:0.000087s ]
INFO: [ view_filter ] --END-- [ RunTime:0.000110s ]
INFO: [ app_end ] --START--
INFO: Run Behavior\ShowPageTraceBehavior [ RunTime:0.000349s ]
INFO: [ app_end ] --END-- [ RunTime:0.000396s ]

[ 2017-04-07T23:51:12+08:00 ] 192.168.42.27 /MI-4-20/index.php/Sun/Board/upload/
INFO: [ app_init ] --START--
INFO: Run Behavior\BuildLiteBehavior [ RunTime:0.000011s ]
INFO: [ app_init ] --END-- [ RunTime:0.000184s ]
INFO: [ app_begin ] --START--
INFO: Run Behavior\ReadHtmlCacheBehavior [ RunTime:0.000340s ]
INFO: [ app_begin ] --END-- [ RunTime:0.000367s ]
NOTIC: [2] call_user_func() expects parameter 1 to be a valid callback, no array or string given /usr/local/apache2/htdocs/MI-4-20/ThinkPHP/Library/Think/Upload.class.php 第 170 行.
INFO: [ app_end ] --START--
INFO: Run Behavior\ShowPageTraceBehavior [ RunTime:0.000335s ]
INFO: [ app_end ] --END-- [ RunTime:0.000380s ]

[ 2017-04-07T23:51:15+08:00 ] 192.168.42.27 /MI-4-20/index.php/Sun/Board/addboard.html
INFO: [ app_init ] --START--
INFO: Run Behavior\BuildLiteBehavior [ RunTime:0.000009s ]
INFO: [ app_init ] --END-- [ RunTime:0.000191s ]
INFO: [ app_begin ] --START--
INFO: Run Behavior\ReadHtmlCacheBehavior [ RunTime:0.000240s ]
INFO: [ app_begin ] --END-- [ RunTime:0.000269s ]
SQL: SHOW COLUMNS FROM `mi_board` [ RunTime:0.0025s ]
NOTIC: [8] Undefined index: validate /usr/local/apache2/htdocs/MI-4-20/ThinkPHP/Library/Think/Model.class.php 第 1185 行.
NOTIC: [8] Undefined index: auto /usr/local/apache2/htdocs/MI-4-20/ThinkPHP/Library/Think/Model.class.php 第 1128 行.
SQL: INSERT INTO `mi_board` (`name`,`url`,`type`,`status`,`link`) VALUES ('百度','./Uploads/2017-04-07/58e7b5709437c.jpg','1','1','www.baidu.com') [ RunTime:0.0040s ]
INFO: [ view_parse ] --START--
INFO: [ template_filter ] --START--
INFO: Run Behavior\ContentReplaceBehavior [ RunTime:0.000032s ]
INFO: [ template_filter ] --END-- [ RunTime:0.000072s ]
INFO: Run Behavior\ParseTemplateBehavior [ RunTime:0.012157s ]
INFO: [ view_parse ] --END-- [ RunTime:0.012212s ]
INFO: [ view_filter ] --START--
INFO: Run Behavior\WriteHtmlCacheBehavior [ RunTime:0.000084s ]
INFO: [ view_filter ] --END-- [ RunTime:0.000106s ]
INFO: [ app_end ] --START--
INFO: Run Behavior\ShowPageTraceBehavior [ RunTime:0.000315s ]
INFO: [ app_end ] --END-- [ RunTime:0.000339s ]

[ 2017-04-07T23:51:18+08:00 ] 192.168.42.27 /MI-4-20/index.php/Sun/Board/boardList.html
INFO: [ app_init ] --START--
INFO: Run Behavior\BuildLiteBehavior [ RunTime:0.000011s ]
INFO: [ app_init ] --END-- [ RunTime:0.000194s ]
INFO: [ app_begin ] --START--
INFO: Run Behavior\ReadHtmlCacheBehavior [ RunTime:0.000262s ]
INFO: [ app_begin ] --END-- [ RunTime:0.000291s ]
SQL: SHOW COLUMNS FROM `mi_board` [ RunTime:0.0023s ]
SQL: SHOW COLUMNS FROM `mi_board` [ RunTime:0.0020s ]
SQL: select * from mi_board [ RunTime:0.0015s ]
NOTIC: [8] Undefined variable: search /usr/local/apache2/htdocs/MI-4-20/Shop/Sun/Controller/BoardController.class.php 第 178 行.
SQL: SELECT * FROM `mi_board` ORDER BY id desc LIMIT 0,2   [ RunTime:0.0013s ]
INFO: [ view_parse ] --START--
INFO: [ template_filter ] --START--
INFO: Run Behavior\ContentReplaceBehavior [ RunTime:0.000089s ]
INFO: [ template_filter ] --END-- [ RunTime:0.000139s ]
NOTIC: [8] Undefined variable: admin_name /usr/local/apache2/htdocs/MI-4-20/Shop/Runtime/Cache/Sun/39dc0be6f8e0f357ed8d3ae862148696.php 第 24 行.
NOTIC: [8] Use of undefined constant url - assumed 'url' /usr/local/apache2/htdocs/MI-4-20/Shop/Runtime/Cache/Sun/39dc0be6f8e0f357ed8d3ae862148696.php 第 338 行.
NOTIC: [8] Use of undefined constant url - assumed 'url' /usr/local/apache2/htdocs/MI-4-20/Shop/Runtime/Cache/Sun/39dc0be6f8e0f357ed8d3ae862148696.php 第 338 行.
NOTIC: [8] Use of undefined constant url - assumed 'url' /usr/local/apache2/htdocs/MI-4-20/Shop/Runtime/Cache/Sun/39dc0be6f8e0f357ed8d3ae862148696.php 第 339 行.
INFO: Run Behavior\ParseTemplateBehavior [ RunTime:0.015251s ]
INFO: [ view_parse ] --END-- [ RunTime:0.015278s ]
INFO: [ view_filter ] --START--
INFO: Run Behavior\WriteHtmlCacheBehavior [ RunTime:0.000088s ]
INFO: [ view_filter ] --END-- [ RunTime:0.000111s ]
INFO: [ app_end ] --START--
INFO: Run Behavior\ShowPageTraceBehavior [ RunTime:0.000473s ]
INFO: [ app_end ] --END-- [ RunTime:0.000566s ]

[ 2017-04-07T23:51:21+08:00 ] 192.168.42.27 /MI-4-20/index.php/Sun/Board/addboard.html
INFO: [ app_init ] --START--
INFO: Run Behavior\BuildLiteBehavior [ RunTime:0.000009s ]
INFO: [ app_init ] --END-- [ RunTime:0.000188s ]
INFO: [ app_begin ] --START--
INFO: Run Behavior\ReadHtmlCacheBehavior [ RunTime:0.000395s ]
INFO: [ app_begin ] --END-- [ RunTime:0.000434s ]
INFO: [ view_parse ] --START--
INFO: [ template_filter ] --START--
INFO: Run Behavior\ContentReplaceBehavior [ RunTime:0.006934s ]
INFO: [ template_filter ] --END-- [ RunTime:0.006986s ]
NOTIC: [8] Undefined variable: admin_name /usr/local/apache2/htdocs/MI-4-20/Shop/Runtime/Cache/Sun/6b56fc9e760faeefdc90a3f1af752958.php 第 24 行.
INFO: Run Behavior\ParseTemplateBehavior [ RunTime:0.040134s ]
INFO: [ view_parse ] --END-- [ RunTime:0.040166s ]
INFO: [ view_filter ] --START--
INFO: Run Behavior\WriteHtmlCacheBehavior [ RunTime:0.000088s ]
INFO: [ view_filter ] --END-- [ RunTime:0.000110s ]
INFO: [ app_end ] --START--
INFO: Run Behavior\ShowPageTraceBehavior [ RunTime:0.000554s ]
INFO: [ app_end ] --END-- [ RunTime:0.000614s ]

[ 2017-04-07T23:51:42+08:00 ] 192.168.42.27 /MI-4-20/index.php/Sun/Board/upload/
INFO: [ app_init ] --START--
INFO: Run Behavior\BuildLiteBehavior [ RunTime:0.000010s ]
INFO: [ app_init ] --END-- [ RunTime:0.002622s ]
INFO: [ app_begin ] --START--
INFO: Run Behavior\ReadHtmlCacheBehavior [ RunTime:0.000266s ]
INFO: [ app_begin ] --END-- [ RunTime:0.000293s ]
NOTIC: [2] call_user_func() expects parameter 1 to be a valid callback, no array or string given /usr/local/apache2/htdocs/MI-4-20/ThinkPHP/Library/Think/Upload.class.php 第 170 行.
INFO: [ app_end ] --START--
INFO: Run Behavior\ShowPageTraceBehavior [ RunTime:0.000364s ]
INFO: [ app_end ] --END-- [ RunTime:0.000413s ]

[ 2017-04-07T23:51:44+08:00 ] 192.168.42.27 /MI-4-20/index.php/Sun/Board/addboard.html
INFO: [ app_init ] --START--
INFO: Run Behavior\BuildLiteBehavior [ RunTime:0.000011s ]
INFO: [ app_init ] --END-- [ RunTime:0.000288s ]
INFO: [ app_begin ] --START--
INFO: Run Behavior\ReadHtmlCacheBehavior [ RunTime:0.000247s ]
INFO: [ app_begin ] --END-- [ RunTime:0.000278s ]
SQL: SHOW COLUMNS FROM `mi_board` [ RunTime:0.0023s ]
NOTIC: [8] Undefined index: validate /usr/local/apache2/htdocs/MI-4-20/ThinkPHP/Library/Think/Model.class.php 第 1185 行.
NOTIC: [8] Undefined index: auto /usr/local/apache2/htdocs/MI-4-20/ThinkPHP/Library/Think/Model.class.php 第 1128 行.
SQL: INSERT INTO `mi_board` (`name`,`url`,`type`,`status`,`link`) VALUES ('百度','./Uploads/2017-04-07/58e7b58e9b022.jpg','1','1','http://www.baidu.com') [ RunTime:0.0223s ]
INFO: [ view_parse ] --START--
INFO: [ template_filter ] --START--
INFO: Run Behavior\ContentReplaceBehavior [ RunTime:0.000031s ]
INFO: [ template_filter ] --END-- [ RunTime:0.000070s ]
INFO: Run Behavior\ParseTemplateBehavior [ RunTime:0.026914s ]
INFO: [ view_parse ] --END-- [ RunTime:0.027005s ]
INFO: [ view_filter ] --START--
INFO: Run Behavior\WriteHtmlCacheBehavior [ RunTime:0.000144s ]
INFO: [ view_filter ] --END-- [ RunTime:0.000168s ]
INFO: [ app_end ] --START--
INFO: Run Behavior\ShowPageTraceBehavior [ RunTime:0.000347s ]
INFO: [ app_end ] --END-- [ RunTime:0.000377s ]

[ 2017-04-07T23:51:47+08:00 ] 192.168.42.27 /MI-4-20/index.php/Sun/Board/boardList.html
INFO: [ app_init ] --START--
INFO: Run Behavior\BuildLiteBehavior [ RunTime:0.000009s ]
INFO: [ app_init ] --END-- [ RunTime:0.000179s ]
INFO: [ app_begin ] --START--
INFO: Run Behavior\ReadHtmlCacheBehavior [ RunTime:0.000233s ]
INFO: [ app_begin ] --END-- [ RunTime:0.000259s ]
SQL: SHOW COLUMNS FROM `mi_board` [ RunTime:0.0022s ]
SQL: SHOW COLUMNS FROM `mi_board` [ RunTime:0.0020s ]
SQL: select * from mi_board [ RunTime:0.0017s ]
NOTIC: [8] Undefined variable: search /usr/local/apache2/htdocs/MI-4-20/Shop/Sun/Controller/BoardController.class.php 第 178 行.
SQL: SELECT * FROM `mi_board` ORDER BY id desc LIMIT 0,2   [ RunTime:0.0012s ]
INFO: [ view_parse ] --START--
INFO: [ template_filter ] --START--
INFO: Run Behavior\ContentReplaceBehavior [ RunTime:0.000085s ]
INFO: [ template_filter ] --END-- [ RunTime:0.000120s ]
NOTIC: [8] Undefined variable: admin_name /usr/local/apache2/htdocs/MI-4-20/Shop/Runtime/Cache/Sun/39dc0be6f8e0f357ed8d3ae862148696.php 第 24 行.
NOTIC: [8] Use of undefined constant url - assumed 'url' /usr/local/apache2/htdocs/MI-4-20/Shop/Runtime/Cache/Sun/39dc0be6f8e0f357ed8d3ae862148696.php 第 338 行.
NOTIC: [8] Use of undefined constant url - assumed 'url' /usr/local/apache2/htdocs/MI-4-20/Shop/Runtime/Cache/Sun/39dc0be6f8e0f357ed8d3ae862148696.php 第 338 行.
NOTIC: [8] Use of undefined constant url - assumed 'url' /usr/local/apache2/htdocs/MI-4-20/Shop/Runtime/Cache/Sun/39dc0be6f8e0f357ed8d3ae862148696.php 第 339 行.
NOTIC: [8] Use of undefined constant url - assumed 'url' /usr/local/apache2/htdocs/MI-4-20/Shop/Runtime/Cache/Sun/39dc0be6f8e0f357ed8d3ae862148696.php 第 338 行.
NOTIC: [8] Use of undefined constant url - assumed 'url' /usr/local/apache2/htdocs/MI-4-20/Shop/Runtime/Cache/Sun/39dc0be6f8e0f357ed8d3ae862148696.php 第 338 行.
NOTIC: [8] Use of undefined constant url - assumed 'url' /usr/local/apache2/htdocs/MI-4-20/Shop/Runtime/Cache/Sun/39dc0be6f8e0f357ed8d3ae862148696.php 第 339 行.
INFO: Run Behavior\ParseTemplateBehavior [ RunTime:0.039837s ]
INFO: [ view_parse ] --END-- [ RunTime:0.039871s ]
INFO: [ view_filter ] --START--
INFO: Run Behavior\WriteHtmlCacheBehavior [ RunTime:0.000104s ]
INFO: [ view_filter ] --END-- [ RunTime:0.000129s ]
INFO: [ app_end ] --START--
INFO: Run Behavior\ShowPageTraceBehavior [ RunTime:0.000375s ]
INFO: [ app_end ] --END-- [ RunTime:0.000423s ]

[ 2017-04-07T23:51:56+08:00 ] 192.168.42.27 /MI-4-20/index.php/Sun/Board/boardList.html
INFO: [ app_init ] --START--
INFO: Run Behavior\BuildLiteBehavior [ RunTime:0.000028s ]
INFO: [ app_init ] --END-- [ RunTime:0.000480s ]
INFO: [ app_begin ] --START--
INFO: Run Behavior\ReadHtmlCacheBehavior [ RunTime:0.000305s ]
INFO: [ app_begin ] --END-- [ RunTime:0.000344s ]
SQL: SHOW COLUMNS FROM `mi_board` [ RunTime:0.0023s ]
SQL: SHOW COLUMNS FROM `mi_board` [ RunTime:0.0022s ]
SQL: select * from mi_board [ RunTime:0.0015s ]
SQL: SELECT * FROM `mi_board` WHERE `id` = '7' ORDER BY id desc LIMIT 0,2   [ RunTime:0.0012s ]
INFO: [ view_parse ] --START--
INFO: [ template_filter ] --START--
INFO: Run Behavior\ContentReplaceBehavior [ RunTime:0.000082s ]
INFO: [ template_filter ] --END-- [ RunTime:0.000113s ]
NOTIC: [8] Undefined variable: admin_name /usr/local/apache2/htdocs/MI-4-20/Shop/Runtime/Cache/Sun/39dc0be6f8e0f357ed8d3ae862148696.php 第 24 行.
NOTIC: [8] Use of undefined constant url - assumed 'url' /usr/local/apache2/htdocs/MI-4-20/Shop/Runtime/Cache/Sun/39dc0be6f8e0f357ed8d3ae862148696.php 第 338 行.
NOTIC: [8] Use of undefined constant url - assumed 'url' /usr/local/apache2/htdocs/MI-4-20/Shop/Runtime/Cache/Sun/39dc0be6f8e0f357ed8d3ae862148696.php 第 338 行.
NOTIC: [8] Use of undefined constant url - assumed 'url' /usr/local/apache2/htdocs/MI-4-20/Shop/Runtime/Cache/Sun/39dc0be6f8e0f357ed8d3ae862148696.php 第 339 行.
INFO: Run Behavior\ParseTemplateBehavior [ RunTime:0.008359s ]
INFO: [ view_parse ] --END-- [ RunTime:0.008386s ]
INFO: [ view_filter ] --START--
INFO: Run Behavior\WriteHtmlCacheBehavior [ RunTime:0.000076s ]
INFO: [ view_filter ] --END-- [ RunTime:0.000097s ]
INFO: [ app_end ] --START--
INFO: Run Behavior\ShowPageTraceBehavior [ RunTime:0.000564s ]
INFO: [ app_end ] --END-- [ RunTime:0.000629s ]

[ 2017-04-07T23:51:58+08:00 ] 192.168.42.27 /MI-4-20/index.php/Sun/Board/boardList.html
INFO: [ app_init ] --START--
INFO: Run Behavior\BuildLiteBehavior [ RunTime:0.000012s ]
INFO: [ app_init ] --END-- [ RunTime:0.000197s ]
INFO: [ app_begin ] --START--
INFO: Run Behavior\ReadHtmlCacheBehavior [ RunTime:0.000262s ]
INFO: [ app_begin ] --END-- [ RunTime:0.000292s ]
SQL: SHOW COLUMNS FROM `mi_board` [ RunTime:0.0023s ]
SQL: SHOW COLUMNS FROM `mi_board` [ RunTime:0.0019s ]
SQL: select * from mi_board [ RunTime:0.0015s ]
SQL: SELECT * FROM `mi_board` ORDER BY id desc LIMIT 0,2   [ RunTime:0.0012s ]
INFO: [ view_parse ] --START--
INFO: [ template_filter ] --START--
INFO: Run Behavior\ContentReplaceBehavior [ RunTime:0.000087s ]
INFO: [ template_filter ] --END-- [ RunTime:0.000124s ]
NOTIC: [8] Undefined variable: admin_name /usr/local/apache2/htdocs/MI-4-20/Shop/Runtime/Cache/Sun/39dc0be6f8e0f357ed8d3ae862148696.php 第 24 行.
NOTIC: [8] Use of undefined constant url - assumed 'url' /usr/local/apache2/htdocs/MI-4-20/Shop/Runtime/Cache/Sun/39dc0be6f8e0f357ed8d3ae862148696.php 第 338 行.
NOTIC: [8] Use of undefined constant url - assumed 'url' /usr/local/apache2/htdocs/MI-4-20/Shop/Runtime/Cache/Sun/39dc0be6f8e0f357ed8d3ae862148696.php 第 338 行.
NOTIC: [8] Use of undefined constant url - assumed 'url' /usr/local/apache2/htdocs/MI-4-20/Shop/Runtime/Cache/Sun/39dc0be6f8e0f357ed8d3ae862148696.php 第 339 行.
NOTIC: [8] Use of undefined constant url - assumed 'url' /usr/local/apache2/htdocs/MI-4-20/Shop/Runtime/Cache/Sun/39dc0be6f8e0f357ed8d3ae862148696.php 第 338 行.
NOTIC: [8] Use of undefined constant url - assumed 'url' /usr/local/apache2/htdocs/MI-4-20/Shop/Runtime/Cache/Sun/39dc0be6f8e0f357ed8d3ae862148696.php 第 338 行.
NOTIC: [8] Use of undefined constant url - assumed 'url' /usr/local/apache2/htdocs/MI-4-20/Shop/Runtime/Cache/Sun/39dc0be6f8e0f357ed8d3ae862148696.php 第 339 行.
INFO: Run Behavior\ParseTemplateBehavior [ RunTime:0.009853s ]
INFO: [ view_parse ] --END-- [ RunTime:0.009885s ]
INFO: [ view_filter ] --START--
INFO: Run Behavior\WriteHtmlCacheBehavior [ RunTime:0.000166s ]
INFO: [ view_filter ] --END-- [ RunTime:0.000189s ]
INFO: [ app_end ] --START--
INFO: Run Behavior\ShowPageTraceBehavior [ RunTime:0.000355s ]
INFO: [ app_end ] --END-- [ RunTime:0.000406s ]

[ 2017-04-07T23:52:00+08:00 ] 192.168.42.27 /MI-4-20/index.php/Sun/Board/addboard.html
INFO: [ app_init ] --START--
INFO: Run Behavior\BuildLiteBehavior [ RunTime:0.000011s ]
INFO: [ app_init ] --END-- [ RunTime:0.000185s ]
INFO: [ app_begin ] --START--
INFO: Run Behavior\ReadHtmlCacheBehavior [ RunTime:0.000237s ]
INFO: [ app_begin ] --END-- [ RunTime:0.000265s ]
INFO: [ view_parse ] --START--
INFO: [ template_filter ] --START--
INFO: Run Behavior\ContentReplaceBehavior [ RunTime:0.000197s ]
INFO: [ template_filter ] --END-- [ RunTime:0.000279s ]
NOTIC: [8] Undefined variable: admin_name /usr/local/apache2/htdocs/MI-4-20/Shop/Runtime/Cache/Sun/6b56fc9e760faeefdc90a3f1af752958.php 第 24 行.
INFO: Run Behavior\ParseTemplateBehavior [ RunTime:0.008673s ]
INFO: [ view_parse ] --END-- [ RunTime:0.008743s ]
INFO: [ view_filter ] --START--
INFO: Run Behavior\WriteHtmlCacheBehavior [ RunTime:0.000421s ]
INFO: [ view_filter ] --END-- [ RunTime:0.000449s ]
INFO: [ app_end ] --START--
INFO: Run Behavior\ShowPageTraceBehavior [ RunTime:0.000416s ]
INFO: [ app_end ] --END-- [ RunTime:0.000483s ]

[ 2017-04-07T23:52:42+08:00 ] 192.168.42.27 /MI-4-20/index.php/Sun/Board/upload/
INFO: [ app_init ] --START--
INFO: Run Behavior\BuildLiteBehavior [ RunTime:0.000010s ]
INFO: [ app_init ] --END-- [ RunTime:0.000189s ]
INFO: [ app_begin ] --START--
INFO: Run Behavior\ReadHtmlCacheBehavior [ RunTime:0.000240s ]
INFO: [ app_begin ] --END-- [ RunTime:0.000291s ]
NOTIC: [2] call_user_func() expects parameter 1 to be a valid callback, no array or string given /usr/local/apache2/htdocs/MI-4-20/ThinkPHP/Library/Think/Upload.class.php 第 170 行.
INFO: [ app_end ] --START--
INFO: Run Behavior\ShowPageTraceBehavior [ RunTime:0.000297s ]
INFO: [ app_end ] --END-- [ RunTime:0.000329s ]

[ 2017-04-07T23:52:44+08:00 ] 192.168.42.27 /MI-4-20/index.php/Sun/Board/addboard.html
INFO: [ app_init ] --START--
INFO: Run Behavior\BuildLiteBehavior [ RunTime:0.000011s ]
INFO: [ app_init ] --END-- [ RunTime:0.000272s ]
INFO: [ app_begin ] --START--
INFO: Run Behavior\ReadHtmlCacheBehavior [ RunTime:0.000241s ]
INFO: [ app_begin ] --END-- [ RunTime:0.000270s ]
SQL: SHOW COLUMNS FROM `mi_board` [ RunTime:0.0026s ]
NOTIC: [8] Undefined index: validate /usr/local/apache2/htdocs/MI-4-20/ThinkPHP/Library/Think/Model.class.php 第 1185 行.
NOTIC: [8] Undefined index: auto /usr/local/apache2/htdocs/MI-4-20/ThinkPHP/Library/Think/Model.class.php 第 1128 行.
SQL: INSERT INTO `mi_board` (`name`,`url`,`type`,`status`,`link`) VALUES ('百度','./Uploads/2017-04-07/58e7b5ca4ecb2.jpg','1','1','http://www.baidu.com') [ RunTime:0.0032s ]
INFO: [ view_parse ] --START--
INFO: [ template_filter ] --START--
INFO: Run Behavior\ContentReplaceBehavior [ RunTime:0.000026s ]
INFO: [ template_filter ] --END-- [ RunTime:0.000059s ]
INFO: Run Behavior\ParseTemplateBehavior [ RunTime:0.004194s ]
INFO: [ view_parse ] --END-- [ RunTime:0.004222s ]
INFO: [ view_filter ] --START--
INFO: Run Behavior\WriteHtmlCacheBehavior [ RunTime:0.000074s ]
INFO: [ view_filter ] --END-- [ RunTime:0.000096s ]
INFO: [ app_end ] --START--
INFO: Run Behavior\ShowPageTraceBehavior [ RunTime:0.000245s ]
INFO: [ app_end ] --END-- [ RunTime:0.000269s ]

[ 2017-04-07T23:52:47+08:00 ] 192.168.42.27 /MI-4-20/index.php/Sun/Board/boardList.html
INFO: [ app_init ] --START--
INFO: Run Behavior\BuildLiteBehavior [ RunTime:0.000009s ]
INFO: [ app_init ] --END-- [ RunTime:0.000201s ]
INFO: [ app_begin ] --START--
INFO: Run Behavior\ReadHtmlCacheBehavior [ RunTime:0.000242s ]
INFO: [ app_begin ] --END-- [ RunTime:0.000271s ]
SQL: SHOW COLUMNS FROM `mi_board` [ RunTime:0.0022s ]
SQL: SHOW COLUMNS FROM `mi_board` [ RunTime:0.0023s ]
SQL: select * from mi_board [ RunTime:0.0015s ]
NOTIC: [8] Undefined variable: search /usr/local/apache2/htdocs/MI-4-20/Shop/Sun/Controller/BoardController.class.php 第 178 行.
SQL: SELECT * FROM `mi_board` ORDER BY id desc LIMIT 0,2   [ RunTime:0.0014s ]
INFO: [ view_parse ] --START--
INFO: [ template_filter ] --START--
INFO: Run Behavior\ContentReplaceBehavior [ RunTime:0.000085s ]
INFO: [ template_filter ] --END-- [ RunTime:0.000123s ]
NOTIC: [8] Undefined variable: admin_name /usr/local/apache2/htdocs/MI-4-20/Shop/Runtime/Cache/Sun/39dc0be6f8e0f357ed8d3ae862148696.php 第 24 行.
NOTIC: [8] Use of undefined constant url - assumed 'url' /usr/local/apache2/htdocs/MI-4-20/Shop/Runtime/Cache/Sun/39dc0be6f8e0f357ed8d3ae862148696.php 第 338 行.
NOTIC: [8] Use of undefined constant url - assumed 'url' /usr/local/apache2/htdocs/MI-4-20/Shop/Runtime/Cache/Sun/39dc0be6f8e0f357ed8d3ae862148696.php 第 338 行.
NOTIC: [8] Use of undefined constant url - assumed 'url' /usr/local/apache2/htdocs/MI-4-20/Shop/Runtime/Cache/Sun/39dc0be6f8e0f357ed8d3ae862148696.php 第 339 行.
NOTIC: [8] Use of undefined constant url - assumed 'url' /usr/local/apache2/htdocs/MI-4-20/Shop/Runtime/Cache/Sun/39dc0be6f8e0f357ed8d3ae862148696.php 第 338 行.
NOTIC: [8] Use of undefined constant url - assumed 'url' /usr/local/apache2/htdocs/MI-4-20/Shop/Runtime/Cache/Sun/39dc0be6f8e0f357ed8d3ae862148696.php 第 338 行.
NOTIC: [8] Use of undefined constant url - assumed 'url' /usr/local/apache2/htdocs/MI-4-20/Shop/Runtime/Cache/Sun/39dc0be6f8e0f357ed8d3ae862148696.php 第 339 行.
INFO: Run Behavior\ParseTemplateBehavior [ RunTime:0.035385s ]
INFO: [ view_parse ] --END-- [ RunTime:0.035423s ]
INFO: [ view_filter ] --START--
INFO: Run Behavior\WriteHtmlCacheBehavior [ RunTime:0.000087s ]
INFO: [ view_filter ] --END-- [ RunTime:0.000108s ]
INFO: [ app_end ] --START--
INFO: Run Behavior\ShowPageTraceBehavior [ RunTime:0.000345s ]
INFO: [ app_end ] --END-- [ RunTime:0.000391s ]

[ 2017-04-07T23:54:02+08:00 ] 192.168.42.27 /MI-4-20/index.php/Sun/Board/boardList.html
INFO: [ app_init ] --START--
INFO: Run Behavior\BuildLiteBehavior [ RunTime:0.000013s ]
INFO: [ app_init ] --END-- [ RunTime:0.000194s ]
INFO: [ app_begin ] --START--
INFO: Run Behavior\ReadHtmlCacheBehavior [ RunTime:0.000248s ]
INFO: [ app_begin ] --END-- [ RunTime:0.000278s ]
SQL: SHOW COLUMNS FROM `mi_board` [ RunTime:0.0025s ]
SQL: SHOW COLUMNS FROM `mi_board` [ RunTime:0.0020s ]
SQL: select * from mi_board [ RunTime:0.0015s ]
NOTIC: [8] Undefined variable: search /usr/local/apache2/htdocs/MI-4-20/Shop/Sun/Controller/BoardController.class.php 第 178 行.
SQL: SELECT * FROM `mi_board` ORDER BY id desc LIMIT 0,4   [ RunTime:0.0014s ]
INFO: [ view_parse ] --START--
INFO: [ template_filter ] --START--
INFO: Run Behavior\ContentReplaceBehavior [ RunTime:0.000090s ]
INFO: [ template_filter ] --END-- [ RunTime:0.000128s ]
NOTIC: [8] Undefined variable: admin_name /usr/local/apache2/htdocs/MI-4-20/Shop/Runtime/Cache/Sun/39dc0be6f8e0f357ed8d3ae862148696.php 第 24 行.
NOTIC: [8] Use of undefined constant url - assumed 'url' /usr/local/apache2/htdocs/MI-4-20/Shop/Runtime/Cache/Sun/39dc0be6f8e0f357ed8d3ae862148696.php 第 338 行.
NOTIC: [8] Use of undefined constant url - assumed 'url' /usr/local/apache2/htdocs/MI-4-20/Shop/Runtime/Cache/Sun/39dc0be6f8e0f357ed8d3ae862148696.php 第 338 行.
NOTIC: [8] Use of undefined constant url - assumed 'url' /usr/local/apache2/htdocs/MI-4-20/Shop/Runtime/Cache/Sun/39dc0be6f8e0f357ed8d3ae862148696.php 第 339 行.
NOTIC: [8] Use of undefined constant url - assumed 'url' /usr/local/apache2/htdocs/MI-4-20/Shop/Runtime/Cache/Sun/39dc0be6f8e0f357ed8d3ae862148696.php 第 338 行.
NOTIC: [8] Use of undefined constant url - assumed 'url' /usr/local/apache2/htdocs/MI-4-20/Shop/Runtime/Cache/Sun/39dc0be6f8e0f357ed8d3ae862148696.php 第 338 行.
NOTIC: [8] Use of undefined constant url - assumed 'url' /usr/local/apache2/htdocs/MI-4-20/Shop/Runtime/Cache/Sun/39dc0be6f8e0f357ed8d3ae862148696.php 第 339 行.
NOTIC: [8] Use of undefined constant url - assumed 'url' /usr/local/apache2/htdocs/MI-4-20/Shop/Runtime/Cache/Sun/39dc0be6f8e0f357ed8d3ae862148696.php 第 338 行.
NOTIC: [8] Use of undefined constant url - assumed 'url' /usr/local/apache2/htdocs/MI-4-20/Shop/Runtime/Cache/Sun/39dc0be6f8e0f357ed8d3ae862148696.php 第 338 行.
NOTIC: [8] Use of undefined constant url - assumed 'url' /usr/local/apache2/htdocs/MI-4-20/Shop/Runtime/Cache/Sun/39dc0be6f8e0f357ed8d3ae862148696.php 第 339 行.
INFO: Run Behavior\ParseTemplateBehavior [ RunTime:0.030515s ]
INFO: [ view_parse ] --END-- [ RunTime:0.030649s ]
INFO: [ view_filter ] --START--
INFO: Run Behavior\WriteHtmlCacheBehavior [ RunTime:0.000089s ]
INFO: [ view_filter ] --END-- [ RunTime:0.000112s ]
INFO: [ app_end ] --START--
INFO: Run Behavior\ShowPageTraceBehavior [ RunTime:0.000484s ]
INFO: [ app_end ] --END-- [ RunTime:0.000534s ]

[ 2017-04-07T23:54:16+08:00 ] 192.168.42.27 /MI-4-20/index.php/Sun/Board/boardList.html
INFO: [ app_init ] --START--
INFO: Run Behavior\BuildLiteBehavior [ RunTime:0.000012s ]
INFO: [ app_init ] --END-- [ RunTime:0.000278s ]
INFO: [ app_begin ] --START--
INFO: Run Behavior\ReadHtmlCacheBehavior [ RunTime:0.000250s ]
INFO: [ app_begin ] --END-- [ RunTime:0.000279s ]
SQL: SHOW COLUMNS FROM `mi_board` [ RunTime:0.0023s ]
SQL: SHOW COLUMNS FROM `mi_board` [ RunTime:0.0020s ]
SQL: select * from mi_board [ RunTime:0.0013s ]
NOTIC: [8] Undefined variable: search /usr/local/apache2/htdocs/MI-4-20/Shop/Sun/Controller/BoardController.class.php 第 178 行.
SQL: SELECT * FROM `mi_board` ORDER BY id desc LIMIT 0,3   [ RunTime:0.0012s ]
INFO: [ view_parse ] --START--
INFO: [ template_filter ] --START--
INFO: Run Behavior\ContentReplaceBehavior [ RunTime:0.000097s ]
INFO: [ template_filter ] --END-- [ RunTime:0.000134s ]
NOTIC: [8] Undefined variable: admin_name /usr/local/apache2/htdocs/MI-4-20/Shop/Runtime/Cache/Sun/39dc0be6f8e0f357ed8d3ae862148696.php 第 24 行.
NOTIC: [8] Use of undefined constant url - assumed 'url' /usr/local/apache2/htdocs/MI-4-20/Shop/Runtime/Cache/Sun/39dc0be6f8e0f357ed8d3ae862148696.php 第 338 行.
NOTIC: [8] Use of undefined constant url - assumed 'url' /usr/local/apache2/htdocs/MI-4-20/Shop/Runtime/Cache/Sun/39dc0be6f8e0f357ed8d3ae862148696.php 第 338 行.
NOTIC: [8] Use of undefined constant url - assumed 'url' /usr/local/apache2/htdocs/MI-4-20/Shop/Runtime/Cache/Sun/39dc0be6f8e0f357ed8d3ae862148696.php 第 339 行.
NOTIC: [8] Use of undefined constant url - assumed 'url' /usr/local/apache2/htdocs/MI-4-20/Shop/Runtime/Cache/Sun/39dc0be6f8e0f357ed8d3ae862148696.php 第 338 行.
NOTIC: [8] Use of undefined constant url - assumed 'url' /usr/local/apache2/htdocs/MI-4-20/Shop/Runtime/Cache/Sun/39dc0be6f8e0f357ed8d3ae862148696.php 第 338 行.
NOTIC: [8] Use of undefined constant url - assumed 'url' /usr/local/apache2/htdocs/MI-4-20/Shop/Runtime/Cache/Sun/39dc0be6f8e0f357ed8d3ae862148696.php 第 339 行.
NOTIC: [8] Use of undefined constant url - assumed 'url' /usr/local/apache2/htdocs/MI-4-20/Shop/Runtime/Cache/Sun/39dc0be6f8e0f357ed8d3ae862148696.php 第 338 行.
NOTIC: [8] Use of undefined constant url - assumed 'url' /usr/local/apache2/htdocs/MI-4-20/Shop/Runtime/Cache/Sun/39dc0be6f8e0f357ed8d3ae862148696.php 第 338 行.
NOTIC: [8] Use of undefined constant url - assumed 'url' /usr/local/apache2/htdocs/MI-4-20/Shop/Runtime/Cache/Sun/39dc0be6f8e0f357ed8d3ae862148696.php 第 339 行.
INFO: Run Behavior\ParseTemplateBehavior [ RunTime:0.032050s ]
INFO: [ view_parse ] --END-- [ RunTime:0.032077s ]
INFO: [ view_filter ] --START--
INFO: Run Behavior\WriteHtmlCacheBehavior [ RunTime:0.000077s ]
INFO: [ view_filter ] --END-- [ RunTime:0.000099s ]
INFO: [ app_end ] --START--
INFO: Run Behavior\ShowPageTraceBehavior [ RunTime:0.000544s ]
INFO: [ app_end ] --END-- [ RunTime:0.000648s ]

[ 2017-04-07T23:54:18+08:00 ] 192.168.42.27 /MI-4-20/index.php/Sun/Board/addboard.html
INFO: [ app_init ] --START--
INFO: Run Behavior\BuildLiteBehavior [ RunTime:0.000011s ]
INFO: [ app_init ] --END-- [ RunTime:0.000224s ]
INFO: [ app_begin ] --START--
INFO: Run Behavior\ReadHtmlCacheBehavior [ RunTime:0.000282s ]
INFO: [ app_begin ] --END-- [ RunTime:0.000312s ]
INFO: [ view_parse ] --START--
INFO: [ template_filter ] --START--
INFO: Run Behavior\ContentReplaceBehavior [ RunTime:0.000084s ]
INFO: [ template_filter ] --END-- [ RunTime:0.000121s ]
NOTIC: [8] Undefined variable: admin_name /usr/local/apache2/htdocs/MI-4-20/Shop/Runtime/Cache/Sun/6b56fc9e760faeefdc90a3f1af752958.php 第 24 行.
INFO: Run Behavior\ParseTemplateBehavior [ RunTime:0.008126s ]
INFO: [ view_parse ] --END-- [ RunTime:0.008192s ]
INFO: [ view_filter ] --START--
INFO: Run Behavior\WriteHtmlCacheBehavior [ RunTime:0.000082s ]
INFO: [ view_filter ] --END-- [ RunTime:0.000104s ]
INFO: [ app_end ] --START--
INFO: Run Behavior\ShowPageTraceBehavior [ RunTime:0.000471s ]
INFO: [ app_end ] --END-- [ RunTime:0.000552s ]

[ 2017-04-07T23:54:47+08:00 ] 192.168.42.27 /MI-4-20/index.php/Sun/Board/upload/
INFO: [ app_init ] --START--
INFO: Run Behavior\BuildLiteBehavior [ RunTime:0.000010s ]
INFO: [ app_init ] --END-- [ RunTime:0.000235s ]
INFO: [ app_begin ] --START--
INFO: Run Behavior\ReadHtmlCacheBehavior [ RunTime:0.000234s ]
INFO: [ app_begin ] --END-- [ RunTime:0.000261s ]
NOTIC: [2] call_user_func() expects parameter 1 to be a valid callback, no array or string given /usr/local/apache2/htdocs/MI-4-20/ThinkPHP/Library/Think/Upload.class.php 第 170 行.
INFO: [ app_end ] --START--
INFO: Run Behavior\ShowPageTraceBehavior [ RunTime:0.000284s ]
INFO: [ app_end ] --END-- [ RunTime:0.000320s ]

[ 2017-04-07T23:54:49+08:00 ] 192.168.42.27 /MI-4-20/index.php/Sun/Board/addboard.html
INFO: [ app_init ] --START--
INFO: Run Behavior\BuildLiteBehavior [ RunTime:0.000013s ]
INFO: [ app_init ] --END-- [ RunTime:0.000835s ]
INFO: [ app_begin ] --START--
INFO: Run Behavior\ReadHtmlCacheBehavior [ RunTime:0.000434s ]
INFO: [ app_begin ] --END-- [ RunTime:0.000493s ]
SQL: SHOW COLUMNS FROM `mi_board` [ RunTime:0.0024s ]
NOTIC: [8] Undefined index: validate /usr/local/apache2/htdocs/MI-4-20/ThinkPHP/Library/Think/Model.class.php 第 1185 行.
NOTIC: [8] Undefined index: auto /usr/local/apache2/htdocs/MI-4-20/ThinkPHP/Library/Think/Model.class.php 第 1128 行.
SQL: INSERT INTO `mi_board` (`name`,`url`,`type`,`status`,`link`) VALUES ('百度','./Uploads/2017-04-07/58e7b647c4dbd.jpg','2','1','http://www.baidu.com') [ RunTime:0.0242s ]
INFO: [ view_parse ] --START--
INFO: [ template_filter ] --START--
INFO: Run Behavior\ContentReplaceBehavior [ RunTime:0.000030s ]
INFO: [ template_filter ] --END-- [ RunTime:0.000067s ]
INFO: Run Behavior\ParseTemplateBehavior [ RunTime:0.011884s ]
INFO: [ view_parse ] --END-- [ RunTime:0.011935s ]
INFO: [ view_filter ] --START--
INFO: Run Behavior\WriteHtmlCacheBehavior [ RunTime:0.000085s ]
INFO: [ view_filter ] --END-- [ RunTime:0.000111s ]
INFO: [ app_end ] --START--
INFO: Run Behavior\ShowPageTraceBehavior [ RunTime:0.000278s ]
INFO: [ app_end ] --END-- [ RunTime:0.000305s ]

[ 2017-04-07T23:54:52+08:00 ] 192.168.42.27 /MI-4-20/index.php/Sun/Board/boardList.html
INFO: [ app_init ] --START--
INFO: Run Behavior\BuildLiteBehavior [ RunTime:0.000009s ]
INFO: [ app_init ] --END-- [ RunTime:0.000182s ]
INFO: [ app_begin ] --START--
INFO: Run Behavior\ReadHtmlCacheBehavior [ RunTime:0.000233s ]
INFO: [ app_begin ] --END-- [ RunTime:0.000261s ]
SQL: SHOW COLUMNS FROM `mi_board` [ RunTime:0.0033s ]
SQL: SHOW COLUMNS FROM `mi_board` [ RunTime:0.0020s ]
SQL: select * from mi_board [ RunTime:0.0016s ]
NOTIC: [8] Undefined variable: search /usr/local/apache2/htdocs/MI-4-20/Shop/Sun/Controller/BoardController.class.php 第 178 行.
SQL: SELECT * FROM `mi_board` ORDER BY id desc LIMIT 0,3   [ RunTime:0.0014s ]
INFO: [ view_parse ] --START--
INFO: [ template_filter ] --START--
INFO: Run Behavior\ContentReplaceBehavior [ RunTime:0.000093s ]
INFO: [ template_filter ] --END-- [ RunTime:0.000131s ]
NOTIC: [8] Undefined variable: admin_name /usr/local/apache2/htdocs/MI-4-20/Shop/Runtime/Cache/Sun/39dc0be6f8e0f357ed8d3ae862148696.php 第 24 行.
NOTIC: [8] Use of undefined constant url - assumed 'url' /usr/local/apache2/htdocs/MI-4-20/Shop/Runtime/Cache/Sun/39dc0be6f8e0f357ed8d3ae862148696.php 第 338 行.
NOTIC: [8] Use of undefined constant url - assumed 'url' /usr/local/apache2/htdocs/MI-4-20/Shop/Runtime/Cache/Sun/39dc0be6f8e0f357ed8d3ae862148696.php 第 338 行.
NOTIC: [8] Use of undefined constant url - assumed 'url' /usr/local/apache2/htdocs/MI-4-20/Shop/Runtime/Cache/Sun/39dc0be6f8e0f357ed8d3ae862148696.php 第 339 行.
NOTIC: [8] Use of undefined constant url - assumed 'url' /usr/local/apache2/htdocs/MI-4-20/Shop/Runtime/Cache/Sun/39dc0be6f8e0f357ed8d3ae862148696.php 第 338 行.
NOTIC: [8] Use of undefined constant url - assumed 'url' /usr/local/apache2/htdocs/MI-4-20/Shop/Runtime/Cache/Sun/39dc0be6f8e0f357ed8d3ae862148696.php 第 338 行.
NOTIC: [8] Use of undefined constant url - assumed 'url' /usr/local/apache2/htdocs/MI-4-20/Shop/Runtime/Cache/Sun/39dc0be6f8e0f357ed8d3ae862148696.php 第 339 行.
NOTIC: [8] Use of undefined constant url - assumed 'url' /usr/local/apache2/htdocs/MI-4-20/Shop/Runtime/Cache/Sun/39dc0be6f8e0f357ed8d3ae862148696.php 第 338 行.
NOTIC: [8] Use of undefined constant url - assumed 'url' /usr/local/apache2/htdocs/MI-4-20/Shop/Runtime/Cache/Sun/39dc0be6f8e0f357ed8d3ae862148696.php 第 338 行.
NOTIC: [8] Use of undefined constant url - assumed 'url' /usr/local/apache2/htdocs/MI-4-20/Shop/Runtime/Cache/Sun/39dc0be6f8e0f357ed8d3ae862148696.php 第 339 行.
INFO: Run Behavior\ParseTemplateBehavior [ RunTime:0.040192s ]
INFO: [ view_parse ] --END-- [ RunTime:0.040236s ]
INFO: [ view_filter ] --START--
INFO: Run Behavior\WriteHtmlCacheBehavior [ RunTime:0.000088s ]
INFO: [ view_filter ] --END-- [ RunTime:0.000109s ]
INFO: [ app_end ] --START--
INFO: Run Behavior\ShowPageTraceBehavior [ RunTime:0.000433s ]
INFO: [ app_end ] --END-- [ RunTime:0.000497s ]

[ 2017-04-07T23:54:58+08:00 ] 192.168.42.27 /MI-4-20/index.php/Sun/Board/boardList/p/2.html
INFO: [ app_init ] --START--
INFO: Run Behavior\BuildLiteBehavior [ RunTime:0.000010s ]
INFO: [ app_init ] --END-- [ RunTime:0.000190s ]
INFO: [ app_begin ] --START--
INFO: Run Behavior\ReadHtmlCacheBehavior [ RunTime:0.000249s ]
INFO: [ app_begin ] --END-- [ RunTime:0.000278s ]
SQL: SHOW COLUMNS FROM `mi_board` [ RunTime:0.0023s ]
SQL: SHOW COLUMNS FROM `mi_board` [ RunTime:0.0020s ]
SQL: select * from mi_board [ RunTime:0.0013s ]
NOTIC: [8] Undefined variable: search /usr/local/apache2/htdocs/MI-4-20/Shop/Sun/Controller/BoardController.class.php 第 178 行.
SQL: SELECT * FROM `mi_board` ORDER BY id desc LIMIT 3,3   [ RunTime:0.0010s ]
INFO: [ view_parse ] --START--
INFO: [ template_filter ] --START--
INFO: Run Behavior\ContentReplaceBehavior [ RunTime:0.000089s ]
INFO: [ template_filter ] --END-- [ RunTime:0.000126s ]
NOTIC: [8] Undefined variable: admin_name /usr/local/apache2/htdocs/MI-4-20/Shop/Runtime/Cache/Sun/39dc0be6f8e0f357ed8d3ae862148696.php 第 24 行.
NOTIC: [8] Use of undefined constant url - assumed 'url' /usr/local/apache2/htdocs/MI-4-20/Shop/Runtime/Cache/Sun/39dc0be6f8e0f357ed8d3ae862148696.php 第 338 行.
NOTIC: [8] Use of undefined constant url - assumed 'url' /usr/local/apache2/htdocs/MI-4-20/Shop/Runtime/Cache/Sun/39dc0be6f8e0f357ed8d3ae862148696.php 第 338 行.
NOTIC: [8] Use of undefined constant url - assumed 'url' /usr/local/apache2/htdocs/MI-4-20/Shop/Runtime/Cache/Sun/39dc0be6f8e0f357ed8d3ae862148696.php 第 339 行.
INFO: Run Behavior\ParseTemplateBehavior [ RunTime:0.023402s ]
INFO: [ view_parse ] --END-- [ RunTime:0.023460s ]
INFO: [ view_filter ] --START--
INFO: Run Behavior\WriteHtmlCacheBehavior [ RunTime:0.000142s ]
INFO: [ view_filter ] --END-- [ RunTime:0.000182s ]
INFO: [ app_end ] --START--
INFO: Run Behavior\ShowPageTraceBehavior [ RunTime:0.000530s ]
INFO: [ app_end ] --END-- [ RunTime:0.000585s ]

[ 2017-04-07T23:54:59+08:00 ] 192.168.42.27 /MI-4-20/index.php/Sun/Board/boardList/p/1.html
INFO: [ app_init ] --START--
INFO: Run Behavior\BuildLiteBehavior [ RunTime:0.000453s ]
INFO: [ app_init ] --END-- [ RunTime:0.000734s ]
INFO: [ app_begin ] --START--
INFO: Run Behavior\ReadHtmlCacheBehavior [ RunTime:0.000595s ]
INFO: [ app_begin ] --END-- [ RunTime:0.000658s ]
SQL: SHOW COLUMNS FROM `mi_board` [ RunTime:0.0023s ]
SQL: SHOW COLUMNS FROM `mi_board` [ RunTime:0.0021s ]
SQL: select * from mi_board [ RunTime:0.0015s ]
NOTIC: [8] Undefined variable: search /usr/local/apache2/htdocs/MI-4-20/Shop/Sun/Controller/BoardController.class.php 第 178 行.
SQL: SELECT * FROM `mi_board` ORDER BY id desc LIMIT 0,3   [ RunTime:0.0011s ]
INFO: [ view_parse ] --START--
INFO: [ template_filter ] --START--
INFO: Run Behavior\ContentReplaceBehavior [ RunTime:0.000086s ]
INFO: [ template_filter ] --END-- [ RunTime:0.000122s ]
NOTIC: [8] Undefined variable: admin_name /usr/local/apache2/htdocs/MI-4-20/Shop/Runtime/Cache/Sun/39dc0be6f8e0f357ed8d3ae862148696.php 第 24 行.
NOTIC: [8] Use of undefined constant url - assumed 'url' /usr/local/apache2/htdocs/MI-4-20/Shop/Runtime/Cache/Sun/39dc0be6f8e0f357ed8d3ae862148696.php 第 338 行.
NOTIC: [8] Use of undefined constant url - assumed 'url' /usr/local/apache2/htdocs/MI-4-20/Shop/Runtime/Cache/Sun/39dc0be6f8e0f357ed8d3ae862148696.php 第 338 行.
NOTIC: [8] Use of undefined constant url - assumed 'url' /usr/local/apache2/htdocs/MI-4-20/Shop/Runtime/Cache/Sun/39dc0be6f8e0f357ed8d3ae862148696.php 第 339 行.
NOTIC: [8] Use of undefined constant url - assumed 'url' /usr/local/apache2/htdocs/MI-4-20/Shop/Runtime/Cache/Sun/39dc0be6f8e0f357ed8d3ae862148696.php 第 338 行.
NOTIC: [8] Use of undefined constant url - assumed 'url' /usr/local/apache2/htdocs/MI-4-20/Shop/Runtime/Cache/Sun/39dc0be6f8e0f357ed8d3ae862148696.php 第 338 行.
NOTIC: [8] Use of undefined constant url - assumed 'url' /usr/local/apache2/htdocs/MI-4-20/Shop/Runtime/Cache/Sun/39dc0be6f8e0f357ed8d3ae862148696.php 第 339 行.
NOTIC: [8] Use of undefined constant url - assumed 'url' /usr/local/apache2/htdocs/MI-4-20/Shop/Runtime/Cache/Sun/39dc0be6f8e0f357ed8d3ae862148696.php 第 338 行.
NOTIC: [8] Use of undefined constant url - assumed 'url' /usr/local/apache2/htdocs/MI-4-20/Shop/Runtime/Cache/Sun/39dc0be6f8e0f357ed8d3ae862148696.php 第 338 行.
NOTIC: [8] Use of undefined constant url - assumed 'url' /usr/local/apache2/htdocs/MI-4-20/Shop/Runtime/Cache/Sun/39dc0be6f8e0f357ed8d3ae862148696.php 第 339 行.
INFO: Run Behavior\ParseTemplateBehavior [ RunTime:0.034086s ]
INFO: [ view_parse ] --END-- [ RunTime:0.034126s ]
INFO: [ view_filter ] --START--
INFO: Run Behavior\WriteHtmlCacheBehavior [ RunTime:0.000116s ]
INFO: [ view_filter ] --END-- [ RunTime:0.000145s ]
INFO: [ app_end ] --START--
INFO: Run Behavior\ShowPageTraceBehavior [ RunTime:0.000444s ]
INFO: [ app_end ] --END-- [ RunTime:0.000506s ]

[ 2017-04-07T23:56:16+08:00 ] 192.168.42.27 /MI-4-20/index.php/Sun/Type/selectType.html
INFO: [ app_init ] --START--
INFO: Run Behavior\BuildLiteBehavior [ RunTime:0.000009s ]
INFO: [ app_init ] --END-- [ RunTime:0.000194s ]
INFO: [ app_begin ] --START--
INFO: Run Behavior\ReadHtmlCacheBehavior [ RunTime:0.000274s ]
INFO: [ app_begin ] --END-- [ RunTime:0.000305s ]
SQL: SHOW COLUMNS FROM `mi_type` [ RunTime:0.0021s ]
SQL: SELECT COUNT(*) AS tp_count FROM `mi_type` WHERE ( 1=1 ) LIMIT 1   [ RunTime:0.0013s ]
SQL: SELECT * FROM `mi_type` WHERE ( 1=1 ) ORDER BY id desc LIMIT 0,8   [ RunTime:0.0012s ]
INFO: [ view_parse ] --START--
INFO: [ template_filter ] --START--
INFO: Run Behavior\ContentReplaceBehavior [ RunTime:0.000074s ]
INFO: [ template_filter ] --END-- [ RunTime:0.000108s ]
NOTIC: [8] Undefined variable: admin_name /usr/local/apache2/htdocs/MI-4-20/Shop/Runtime/Cache/Sun/54ffca59119a8cbd6b012e743d7b8fdf.php 第 24 行.
INFO: Run Behavior\ParseTemplateBehavior [ RunTime:0.008001s ]
INFO: [ view_parse ] --END-- [ RunTime:0.008028s ]
INFO: [ view_filter ] --START--
INFO: Run Behavior\WriteHtmlCacheBehavior [ RunTime:0.000082s ]
INFO: [ view_filter ] --END-- [ RunTime:0.000104s ]
INFO: [ app_end ] --START--
INFO: Run Behavior\ShowPageTraceBehavior [ RunTime:0.000593s ]
INFO: [ app_end ] --END-- [ RunTime:0.000682s ]

[ 2017-04-07T23:56:19+08:00 ] 192.168.42.27 /MI-4-20/index.php/Sun/Type/selectType/p/2.html
INFO: [ app_init ] --START--
INFO: Run Behavior\BuildLiteBehavior [ RunTime:0.000009s ]
INFO: [ app_init ] --END-- [ RunTime:0.000186s ]
INFO: [ app_begin ] --START--
INFO: Run Behavior\ReadHtmlCacheBehavior [ RunTime:0.000240s ]
INFO: [ app_begin ] --END-- [ RunTime:0.000333s ]
SQL: SHOW COLUMNS FROM `mi_type` [ RunTime:0.0022s ]
SQL: SELECT COUNT(*) AS tp_count FROM `mi_type` WHERE ( 1=1 ) LIMIT 1   [ RunTime:0.0015s ]
SQL: SELECT * FROM `mi_type` WHERE ( 1=1 ) ORDER BY id desc LIMIT 8,8   [ RunTime:0.0013s ]
INFO: [ view_parse ] --START--
INFO: [ template_filter ] --START--
INFO: Run Behavior\ContentReplaceBehavior [ RunTime:0.000076s ]
INFO: [ template_filter ] --END-- [ RunTime:0.000106s ]
NOTIC: [8] Undefined variable: admin_name /usr/local/apache2/htdocs/MI-4-20/Shop/Runtime/Cache/Sun/54ffca59119a8cbd6b012e743d7b8fdf.php 第 24 行.
INFO: Run Behavior\ParseTemplateBehavior [ RunTime:0.008321s ]
INFO: [ view_parse ] --END-- [ RunTime:0.008348s ]
INFO: [ view_filter ] --START--
INFO: Run Behavior\WriteHtmlCacheBehavior [ RunTime:0.000077s ]
INFO: [ view_filter ] --END-- [ RunTime:0.000099s ]
INFO: [ app_end ] --START--
INFO: Run Behavior\ShowPageTraceBehavior [ RunTime:0.000512s ]
INFO: [ app_end ] --END-- [ RunTime:0.000566s ]

[ 2017-04-07T23:56:20+08:00 ] 192.168.42.27 /MI-4-20/index.php/Sun/Type/selectType/p/3.html
INFO: [ app_init ] --START--
INFO: Run Behavior\BuildLiteBehavior [ RunTime:0.000009s ]
INFO: [ app_init ] --END-- [ RunTime:0.000183s ]
INFO: [ app_begin ] --START--
INFO: Run Behavior\ReadHtmlCacheBehavior [ RunTime:0.010838s ]
INFO: [ app_begin ] --END-- [ RunTime:0.010869s ]
SQL: SHOW COLUMNS FROM `mi_type` [ RunTime:0.0022s ]
SQL: SELECT COUNT(*) AS tp_count FROM `mi_type` WHERE ( 1=1 ) LIMIT 1   [ RunTime:0.0014s ]
SQL: SELECT * FROM `mi_type` WHERE ( 1=1 ) ORDER BY id desc LIMIT 16,8   [ RunTime:0.0011s ]
INFO: [ view_parse ] --START--
INFO: [ template_filter ] --START--
INFO: Run Behavior\ContentReplaceBehavior [ RunTime:0.000079s ]
INFO: [ template_filter ] --END-- [ RunTime:0.000119s ]
NOTIC: [8] Undefined variable: admin_name /usr/local/apache2/htdocs/MI-4-20/Shop/Runtime/Cache/Sun/54ffca59119a8cbd6b012e743d7b8fdf.php 第 24 行.
INFO: Run Behavior\ParseTemplateBehavior [ RunTime:0.041389s ]
INFO: [ view_parse ] --END-- [ RunTime:0.041421s ]
INFO: [ view_filter ] --START--
INFO: Run Behavior\WriteHtmlCacheBehavior [ RunTime:0.000090s ]
INFO: [ view_filter ] --END-- [ RunTime:0.000114s ]
INFO: [ app_end ] --START--
INFO: Run Behavior\ShowPageTraceBehavior [ RunTime:0.000349s ]
INFO: [ app_end ] --END-- [ RunTime:0.000397s ]

[ 2017-04-07T23:56:34+08:00 ] 192.168.42.27 /MI-4-20/index.php/Sun/Type/selectType/p/3.html?id=8&typename=
INFO: [ app_init ] --START--
INFO: Run Behavior\BuildLiteBehavior [ RunTime:0.000009s ]
INFO: [ app_init ] --END-- [ RunTime:0.000183s ]
INFO: [ app_begin ] --START--
INFO: Run Behavior\ReadHtmlCacheBehavior [ RunTime:0.000278s ]
INFO: [ app_begin ] --END-- [ RunTime:0.000305s ]
SQL: SHOW COLUMNS FROM `mi_type` [ RunTime:0.0021s ]
SQL: SELECT COUNT(*) AS tp_count FROM `mi_type` WHERE ( 1=1 and id=8 ) LIMIT 1   [ RunTime:0.0015s ]
SQL: SELECT * FROM `mi_type` WHERE ( 1=1 and id=8 ) ORDER BY id desc LIMIT 16,8   [ RunTime:0.0012s ]
INFO: [ view_parse ] --START--
INFO: [ template_filter ] --START--
INFO: Run Behavior\ContentReplaceBehavior [ RunTime:0.000083s ]
INFO: [ template_filter ] --END-- [ RunTime:0.000130s ]
NOTIC: [8] Undefined variable: admin_name /usr/local/apache2/htdocs/MI-4-20/Shop/Runtime/Cache/Sun/54ffca59119a8cbd6b012e743d7b8fdf.php 第 24 行.
INFO: Run Behavior\ParseTemplateBehavior [ RunTime:0.054402s ]
INFO: [ view_parse ] --END-- [ RunTime:0.054434s ]
INFO: [ view_filter ] --START--
INFO: Run Behavior\WriteHtmlCacheBehavior [ RunTime:0.000119s ]
INFO: [ view_filter ] --END-- [ RunTime:0.000144s ]
INFO: [ app_end ] --START--
INFO: Run Behavior\ShowPageTraceBehavior [ RunTime:0.000393s ]
INFO: [ app_end ] --END-- [ RunTime:0.000456s ]

[ 2017-04-07T23:56:38+08:00 ] 192.168.42.27 /MI-4-20/index.php/Sun/Type/selectType/p/3.html?id=&typename=
INFO: [ app_init ] --START--
INFO: Run Behavior\BuildLiteBehavior [ RunTime:0.000010s ]
INFO: [ app_init ] --END-- [ RunTime:0.000189s ]
INFO: [ app_begin ] --START--
INFO: Run Behavior\ReadHtmlCacheBehavior [ RunTime:0.000244s ]
INFO: [ app_begin ] --END-- [ RunTime:0.000271s ]
SQL: SHOW COLUMNS FROM `mi_type` [ RunTime:0.0022s ]
SQL: SELECT COUNT(*) AS tp_count FROM `mi_type` WHERE ( 1=1 ) LIMIT 1   [ RunTime:0.0015s ]
SQL: SELECT * FROM `mi_type` WHERE ( 1=1 ) ORDER BY id desc LIMIT 16,8   [ RunTime:0.0011s ]
INFO: [ view_parse ] --START--
INFO: [ template_filter ] --START--
INFO: Run Behavior\ContentReplaceBehavior [ RunTime:0.000080s ]
INFO: [ template_filter ] --END-- [ RunTime:0.000121s ]
NOTIC: [8] Undefined variable: admin_name /usr/local/apache2/htdocs/MI-4-20/Shop/Runtime/Cache/Sun/54ffca59119a8cbd6b012e743d7b8fdf.php 第 24 行.
INFO: Run Behavior\ParseTemplateBehavior [ RunTime:0.009445s ]
INFO: [ view_parse ] --END-- [ RunTime:0.009474s ]
INFO: [ view_filter ] --START--
INFO: Run Behavior\WriteHtmlCacheBehavior [ RunTime:0.000091s ]
INFO: [ view_filter ] --END-- [ RunTime:0.000116s ]
INFO: [ app_end ] --START--
INFO: Run Behavior\ShowPageTraceBehavior [ RunTime:0.000464s ]
INFO: [ app_end ] --END-- [ RunTime:0.000532s ]

[ 2017-04-07T23:56:44+08:00 ] 192.168.42.27 /MI-4-20/index.php/Sun/Type/selectType/p/3.html?id=8&typename=
INFO: [ app_init ] --START--
INFO: Run Behavior\BuildLiteBehavior [ RunTime:0.000017s ]
INFO: [ app_init ] --END-- [ RunTime:0.000275s ]
INFO: [ app_begin ] --START--
INFO: Run Behavior\ReadHtmlCacheBehavior [ RunTime:0.000295s ]
INFO: [ app_begin ] --END-- [ RunTime:0.000328s ]
SQL: SHOW COLUMNS FROM `mi_type` [ RunTime:0.0022s ]
SQL: SELECT COUNT(*) AS tp_count FROM `mi_type` WHERE ( 1=1 and id=8 ) LIMIT 1   [ RunTime:0.0014s ]
SQL: SELECT * FROM `mi_type` WHERE ( 1=1 and id=8 ) ORDER BY id desc LIMIT 16,8   [ RunTime:0.0014s ]
INFO: [ view_parse ] --START--
INFO: [ template_filter ] --START--
INFO: Run Behavior\ContentReplaceBehavior [ RunTime:0.000076s ]
INFO: [ template_filter ] --END-- [ RunTime:0.000111s ]
NOTIC: [8] Undefined variable: admin_name /usr/local/apache2/htdocs/MI-4-20/Shop/Runtime/Cache/Sun/54ffca59119a8cbd6b012e743d7b8fdf.php 第 24 行.
INFO: Run Behavior\ParseTemplateBehavior [ RunTime:0.008337s ]
INFO: [ view_parse ] --END-- [ RunTime:0.008370s ]
INFO: [ view_filter ] --START--
INFO: Run Behavior\WriteHtmlCacheBehavior [ RunTime:0.000076s ]
INFO: [ view_filter ] --END-- [ RunTime:0.000099s ]
INFO: [ app_end ] --START--
INFO: Run Behavior\ShowPageTraceBehavior [ RunTime:0.000593s ]
INFO: [ app_end ] --END-- [ RunTime:0.000644s ]

[ 2017-04-07T23:56:49+08:00 ] 192.168.42.27 /MI-4-20/index.php/Sun/Type/selectType/p/3.html?id=&typename=
INFO: [ app_init ] --START--
INFO: Run Behavior\BuildLiteBehavior [ RunTime:0.000009s ]
INFO: [ app_init ] --END-- [ RunTime:0.000221s ]
INFO: [ app_begin ] --START--
INFO: Run Behavior\ReadHtmlCacheBehavior [ RunTime:0.000248s ]
INFO: [ app_begin ] --END-- [ RunTime:0.000276s ]
SQL: SHOW COLUMNS FROM `mi_type` [ RunTime:0.0022s ]
SQL: SELECT COUNT(*) AS tp_count FROM `mi_type` WHERE ( 1=1 ) LIMIT 1   [ RunTime:0.0015s ]
SQL: SELECT * FROM `mi_type` WHERE ( 1=1 ) ORDER BY id desc LIMIT 16,8   [ RunTime:0.0013s ]
INFO: [ view_parse ] --START--
INFO: [ template_filter ] --START--
INFO: Run Behavior\ContentReplaceBehavior [ RunTime:0.000078s ]
INFO: [ template_filter ] --END-- [ RunTime:0.000107s ]
NOTIC: [8] Undefined variable: admin_name /usr/local/apache2/htdocs/MI-4-20/Shop/Runtime/Cache/Sun/54ffca59119a8cbd6b012e743d7b8fdf.php 第 24 行.
INFO: Run Behavior\ParseTemplateBehavior [ RunTime:0.008214s ]
INFO: [ view_parse ] --END-- [ RunTime:0.008243s ]
INFO: [ view_filter ] --START--
INFO: Run Behavior\WriteHtmlCacheBehavior [ RunTime:0.000082s ]
INFO: [ view_filter ] --END-- [ RunTime:0.000106s ]
INFO: [ app_end ] --START--
INFO: Run Behavior\ShowPageTraceBehavior [ RunTime:0.000382s ]
INFO: [ app_end ] --END-- [ RunTime:0.000448s ]

[ 2017-04-07T23:57:59+08:00 ] 192.168.42.27 /MI-4-20/index.php/Sun/Type/selectType/p/3.html?id=&typename=
INFO: [ app_init ] --START--
INFO: Run Behavior\BuildLiteBehavior [ RunTime:0.000023s ]
INFO: [ app_init ] --END-- [ RunTime:0.000203s ]
INFO: [ app_begin ] --START--
INFO: Run Behavior\ReadHtmlCacheBehavior [ RunTime:0.000334s ]
INFO: [ app_begin ] --END-- [ RunTime:0.000395s ]
SQL: SHOW COLUMNS FROM `mi_type` [ RunTime:0.0022s ]
ERR: 1064:You have an error in your SQL syntax; check the manual that corresponds to your MySQL server version for the right syntax to use near 'where 1=1 ) LIMIT 1' at line 1
 [ SQL语句 ] : SELECT COUNT(*) AS tp_count FROM `mi_type` WHERE ( where 1=1 ) LIMIT 1  
ERR: 1064:You have an error in your SQL syntax; check the manual that corresponds to your MySQL server version for the right syntax to use near 'where 1=1 ) LIMIT 1' at line 1
 [ SQL语句 ] : SELECT COUNT(*) AS tp_count FROM `mi_type` WHERE ( where 1=1 ) LIMIT 1  

[ 2017-04-07T23:58:17+08:00 ] 192.168.42.27 /MI-4-20/index.php/Sun/Type/selectType/p/3.html?id=&typename=
INFO: [ app_init ] --START--
INFO: Run Behavior\BuildLiteBehavior [ RunTime:0.000015s ]
INFO: [ app_init ] --END-- [ RunTime:0.017530s ]
INFO: [ app_begin ] --START--
INFO: Run Behavior\ReadHtmlCacheBehavior [ RunTime:0.000734s ]
INFO: [ app_begin ] --END-- [ RunTime:0.000765s ]
SQL: SHOW COLUMNS FROM `mi_type` [ RunTime:0.0023s ]
SQL: SELECT COUNT(*) AS tp_count FROM `mi_type` WHERE ( 1=1 ) LIMIT 1   [ RunTime:0.0013s ]
SQL: SELECT * FROM `mi_type` WHERE ( 1=1 ) ORDER BY id desc LIMIT 16,8   [ RunTime:0.0011s ]
INFO: [ view_parse ] --START--
INFO: [ template_filter ] --START--
INFO: Run Behavior\ContentReplaceBehavior [ RunTime:0.000086s ]
INFO: [ template_filter ] --END-- [ RunTime:0.000137s ]
NOTIC: [8] Undefined variable: admin_name /usr/local/apache2/htdocs/MI-4-20/Shop/Runtime/Cache/Sun/54ffca59119a8cbd6b012e743d7b8fdf.php 第 24 行.
INFO: Run Behavior\ParseTemplateBehavior [ RunTime:0.057443s ]
INFO: [ view_parse ] --END-- [ RunTime:0.057481s ]
INFO: [ view_filter ] --START--
INFO: Run Behavior\WriteHtmlCacheBehavior [ RunTime:0.000094s ]
INFO: [ view_filter ] --END-- [ RunTime:0.000119s ]
INFO: [ app_end ] --START--
INFO: Run Behavior\ShowPageTraceBehavior [ RunTime:0.000382s ]
INFO: [ app_end ] --END-- [ RunTime:0.000429s ]

[ 2017-04-07T23:59:02+08:00 ] 192.168.42.27 /MI-4-20/index.php/Sun/Type/selectType/p/3.html?id=8&typename=
INFO: [ app_init ] --START--
INFO: Run Behavior\BuildLiteBehavior [ RunTime:0.000009s ]
INFO: [ app_init ] --END-- [ RunTime:0.000193s ]
INFO: [ app_begin ] --START--
INFO: Run Behavior\ReadHtmlCacheBehavior [ RunTime:0.000316s ]
INFO: [ app_begin ] --END-- [ RunTime:0.000344s ]
SQL: SHOW COLUMNS FROM `mi_type` [ RunTime:0.0023s ]
SQL: SELECT COUNT(*) AS tp_count FROM `mi_type` WHERE ( 1=1 and id=8 ) LIMIT 1   [ RunTime:0.0014s ]
SQL: SELECT * FROM `mi_type` WHERE ( 1=1 and id=8 ) ORDER BY id desc LIMIT 16,8   [ RunTime:0.0011s ]
INFO: [ view_parse ] --START--
INFO: [ template_filter ] --START--
INFO: Run Behavior\ContentReplaceBehavior [ RunTime:0.000084s ]
INFO: [ template_filter ] --END-- [ RunTime:0.000128s ]
NOTIC: [8] Undefined variable: admin_name /usr/local/apache2/htdocs/MI-4-20/Shop/Runtime/Cache/Sun/54ffca59119a8cbd6b012e743d7b8fdf.php 第 24 行.
INFO: Run Behavior\ParseTemplateBehavior [ RunTime:0.046145s ]
INFO: [ view_parse ] --END-- [ RunTime:0.046174s ]
INFO: [ view_filter ] --START--
INFO: Run Behavior\WriteHtmlCacheBehavior [ RunTime:0.000092s ]
INFO: [ view_filter ] --END-- [ RunTime:0.000115s ]
INFO: [ app_end ] --START--
INFO: Run Behavior\ShowPageTraceBehavior [ RunTime:0.000454s ]
INFO: [ app_end ] --END-- [ RunTime:0.000516s ]

